{"uuid":"1541d889-1db7-47a2-9ffd-584d500b4522","historyId":"e7fbbd22ea2183b356744f70b82d496e","fullName":"sanity.hamleys.SanityHamleysCheckoutWithLoginUser.testHanleysCheckoutLoginUser","labels":[{"name":"package","value":"sanity.hamleys.SanityHamleysCheckoutWithLoginUser"},{"name":"testClass","value":"sanity.hamleys.SanityHamleysCheckoutWithLoginUser"},{"name":"testMethod","value":"testHanleysCheckoutLoginUser"},{"name":"parentSuite","value":"Sanity Test Suite"},{"name":"suite","value":"Sanity Tests"},{"name":"subSuite","value":"sanity.hamleys.SanityHamleysCheckoutWithLoginUser"},{"name":"host","value":"KRISH117"},{"name":"thread","value":"16048@KRISH117.main(1)"},{"name":"framework","value":"testng"},{"name":"language","value":"java"}],"links":[],"name":"Hamleys verify Checkout with login user","status":"broken","statusDetails":{"known":false,"muted":false,"flaky":false,"message":"Expected condition failed: waiting for visibility of element located by By.xpath: //button[contains(@class, 'amgdprcookie-button') and contains(text(), 'Accept')] (tried for 60 second(s) with 500 milliseconds interval)","trace":"org.openqa.selenium.TimeoutException: Expected condition failed: waiting for visibility of element located by By.xpath: //button[contains(@class, 'amgdprcookie-button') and contains(text(), 'Accept')] (tried for 60 second(s) with 500 milliseconds interval)\r\n\tat org.openqa.selenium.support.ui.WebDriverWait.timeoutException(WebDriverWait.java:95)\r\n\tat org.openqa.selenium.support.ui.FluentWait.until(FluentWait.java:272)\r\n\tat common.UtilitiesCommon.waitForElementIsVisible(UtilitiesCommon.java:926)\r\n\tat common.UtilitiesCommon.getElement(UtilitiesCommon.java:708)\r\n\tat common.UtilitiesCommon.click(UtilitiesCommon.java:821)\r\n\tat page.login.LoginPage.login(LoginPage.java:21)\r\n\tat sanity.hamleys.SanityHamleysCheckoutWithLoginUser.testHanleysCheckoutLoginUser(SanityHamleysCheckoutWithLoginUser.java:23)\r\n\tat java.base/jdk.internal.reflect.NativeMethodAccessorImpl.invoke0(Native Method)\r\n\tat java.base/jdk.internal.reflect.NativeMethodAccessorImpl.invoke(NativeMethodAccessorImpl.java:77)\r\n\tat java.base/jdk.internal.reflect.DelegatingMethodAccessorImpl.invoke(DelegatingMethodAccessorImpl.java:43)\r\n\tat java.base/java.lang.reflect.Method.invoke(Method.java:568)\r\n\tat org.testng.internal.MethodInvocationHelper.invokeMethod(MethodInvocationHelper.java:133)\r\n\tat org.testng.internal.TestInvoker.invokeMethod(TestInvoker.java:598)\r\n\tat org.testng.internal.TestInvoker.invokeTestMethod(TestInvoker.java:173)\r\n\tat org.testng.internal.MethodRunner.runInSequence(MethodRunner.java:46)\r\n\tat org.testng.internal.TestInvoker$MethodInvocationAgent.invoke(TestInvoker.java:824)\r\n\tat org.testng.internal.TestInvoker.invokeTestMethods(TestInvoker.java:146)\r\n\tat org.testng.internal.TestMethodWorker.invokeTestMethods(TestMethodWorker.java:146)\r\n\tat org.testng.internal.TestMethodWorker.run(TestMethodWorker.java:128)\r\n\tat java.base/java.util.ArrayList.forEach(ArrayList.java:1511)\r\n\tat org.testng.TestRunner.privateRun(TestRunner.java:794)\r\n\tat org.testng.TestRunner.run(TestRunner.java:596)\r\n\tat org.testng.SuiteRunner.runTest(SuiteRunner.java:377)\r\n\tat org.testng.SuiteRunner.runSequentially(SuiteRunner.java:371)\r\n\tat org.testng.SuiteRunner.privateRun(SuiteRunner.java:332)\r\n\tat org.testng.SuiteRunner.run(SuiteRunner.java:276)\r\n\tat org.testng.SuiteRunnerWorker.runSuite(SuiteRunnerWorker.java:53)\r\n\tat org.testng.SuiteRunnerWorker.run(SuiteRunnerWorker.java:96)\r\n\tat org.testng.TestNG.runSuitesSequentially(TestNG.java:1212)\r\n\tat org.testng.TestNG.runSuitesLocally(TestNG.java:1134)\r\n\tat org.testng.TestNG.runSuites(TestNG.java:1063)\r\n\tat org.testng.TestNG.run(TestNG.java:1031)\r\n\tat org.testng.remote.AbstractRemoteTestNG.run(AbstractRemoteTestNG.java:115)\r\n\tat org.testng.remote.RemoteTestNG.initAndRun(RemoteTestNG.java:251)\r\n\tat org.testng.remote.RemoteTestNG.main(RemoteTestNG.java:77)\r\nCaused by: org.openqa.selenium.NoSuchElementException: no such element: Unable to locate element: {\"method\":\"xpath\",\"selector\":\"//button[contains(@class, 'amgdprcookie-button') and contains(text(), 'Accept')]\"}\n  (Session info: chrome=126.0.6478.114)\nFor documentation on this error, please visit: https://www.seleniumhq.org/exceptions/no_such_element.html\nBuild info: version: '3.141.59', revision: 'e82be7d358', time: '2018-11-14T08:17:03'\nSystem info: host: 'KRISH117', ip: '10.16.16.96', os.name: 'Windows 10', os.arch: 'amd64', os.version: '10.0', java.version: '17.0.10'\nDriver info: org.openqa.selenium.chrome.ChromeDriver\nCapabilities {acceptInsecureCerts: false, browserName: chrome, browserVersion: 126.0.6478.114, chrome: {chromedriverVersion: 126.0.6478.62 (b2781ca4c383..., userDataDir: C:\\Users\\KASHYA~1.DAV\\AppDa...}, fedcm:accounts: true, goog:chromeOptions: {debuggerAddress: localhost:53017}, javascriptEnabled: true, networkConnectionEnabled: false, pageLoadStrategy: normal, platform: WINDOWS, platformName: WINDOWS, proxy: Proxy(), setWindowRect: true, strictFileInteractability: false, timeouts: {implicit: 0, pageLoad: 300000, script: 30000}, unhandledPromptBehavior: dismiss and notify, webauthn:extension:credBlob: true, webauthn:extension:largeBlob: true, webauthn:extension:minPinLength: true, webauthn:extension:prf: true, webauthn:virtualAuthenticators: true}\nSession ID: c29044486fb6587066f193b335c32598\n*** Element info: {Using=xpath, value=//button[contains(@class, 'amgdprcookie-button') and contains(text(), 'Accept')]}\r\n\tat jdk.internal.reflect.GeneratedConstructorAccessor24.newInstance(Unknown Source)\r\n\tat java.base/jdk.internal.reflect.DelegatingConstructorAccessorImpl.newInstance(DelegatingConstructorAccessorImpl.java:45)\r\n\tat java.base/java.lang.reflect.Constructor.newInstanceWithCaller(Constructor.java:499)\r\n\tat java.base/java.lang.reflect.Constructor.newInstance(Constructor.java:480)\r\n\tat org.openqa.selenium.remote.http.W3CHttpResponseCodec.createException(W3CHttpResponseCodec.java:187)\r\n\tat org.openqa.selenium.remote.http.W3CHttpResponseCodec.decode(W3CHttpResponseCodec.java:122)\r\n\tat org.openqa.selenium.remote.http.W3CHttpResponseCodec.decode(W3CHttpResponseCodec.java:49)\r\n\tat org.openqa.selenium.remote.HttpCommandExecutor.execute(HttpCommandExecutor.java:158)\r\n\tat org.openqa.selenium.remote.service.DriverCommandExecutor.execute(DriverCommandExecutor.java:83)\r\n\tat org.openqa.selenium.remote.RemoteWebDriver.execute(RemoteWebDriver.java:552)\r\n\tat org.openqa.selenium.remote.RemoteWebDriver.findElement(RemoteWebDriver.java:323)\r\n\tat org.openqa.selenium.remote.RemoteWebDriver.findElementByXPath(RemoteWebDriver.java:428)\r\n\tat org.openqa.selenium.By$ByXPath.findElement(By.java:353)\r\n\tat org.openqa.selenium.remote.RemoteWebDriver.findElement(RemoteWebDriver.java:315)\r\n\tat org.openqa.selenium.support.ui.ExpectedConditions$7.apply(ExpectedConditions.java:205)\r\n\tat org.openqa.selenium.support.ui.ExpectedConditions$7.apply(ExpectedConditions.java:201)\r\n\tat org.openqa.selenium.support.ui.FluentWait.until(FluentWait.java:249)\r\n\t... 33 more\r\n"},"stage":"finished","description":"This Test is used to Verify the login with Valid Credentials","steps":[{"name":"LOG : chrome browser is initialized","status":"passed","stage":"finished","steps":[],"attachments":[],"parameters":[{"name":"message","value":"chrome browser is initialized"}],"start":1718872693804,"stop":1718872693805},{"name":"LOG : Initializing Web Driver for Local Execution .....","status":"passed","stage":"finished","steps":[],"attachments":[],"parameters":[{"name":"message","value":"Initializing Web Driver for Local Execution ....."}],"start":1718872696096,"stop":1718872696096},{"name":"LOG : Launching Application URL : https://mcstaging.hamleys.com","status":"passed","stage":"finished","steps":[],"attachments":[],"parameters":[{"name":"message","value":"Launching Application URL : https://mcstaging.hamleys.com"}],"start":1718872698029,"stop":1718872698029},{"name":"Screen recording of Test case flow","status":"passed","stage":"finished","steps":[],"attachments":[],"parameters":[{"name":"result","value":"[TestResult name=testHanleysCheckoutLoginUser status=FAILURE method=SanityHamleysCheckoutWithLoginUser.testHanleysCheckoutLoginUser()[pri:0, instance:sanity.hamleys.SanityHamleysCheckoutWithLoginUser@aa10649] output={null}]"}],"start":1718872800795,"stop":1718872800860},{"name":"LOG : Closing Browser","status":"passed","stage":"finished","steps":[],"attachments":[],"parameters":[{"name":"message","value":"Closing Browser"}],"start":1718872801113,"stop":1718872801113}],"attachments":[{"name":"testHanleysCheckoutLoginUser","source":"ce22eca0-9d72-468b-a82d-e5afc984c242-attachment","type":"image/png"},{"name":"Script Recording","source":"43896643-b2c4-4867-bc6c-a48c6aa2fca3-attachment","type":"video/avi"}],"parameters":[{"name":"environment","value":"${environment}"},{"name":"testrailSuiteID","value":"303"},{"name":"defaultTimeout","value":"${defaultTimeout}"},{"name":"browser","value":"${browser}"}],"start":1718872693802,"stop":1718872802281}