{"uuid":"df0231ed-ea72-4003-a8d7-1f9de93a579b","historyId":"82539fbf283133225f91e16e004be1f4","fullName":"sanity.hamleys.SanityHamleysShoppingCartValidation.testAddItemToCartValidation","labels":[{"name":"package","value":"sanity.hamleys.SanityHamleysShoppingCartValidation"},{"name":"testClass","value":"sanity.hamleys.SanityHamleysShoppingCartValidation"},{"name":"testMethod","value":"testAddItemToCartValidation"},{"name":"parentSuite","value":"Local Test Suite"},{"name":"suite","value":"Local Tests"},{"name":"subSuite","value":"sanity.hamleys.SanityHamleysShoppingCartValidation"},{"name":"host","value":"KRISH107"},{"name":"thread","value":"13076@KRISH107.main(1)"},{"name":"framework","value":"testng"},{"name":"language","value":"java"}],"links":[],"name":"Hamleys verify Shopping Cart Validation","status":"broken","statusDetails":{"known":false,"muted":false,"flaky":false,"message":"Expected condition failed: waiting for visibility of element located by By.cssSelector: a.action.viewcart.button[title='View Bag & Checkout'] (tried for 60 second(s) with 500 milliseconds interval)\nBuild info: version: '3.141.59', revision: 'e82be7d358', time: '2018-11-14T08:17:03'\nSystem info: host: 'KRISH107', ip: '172.20.10.12', os.name: 'Windows 10', os.arch: 'amd64', os.version: '10.0', java.version: '21.0.2'\nDriver info: org.openqa.selenium.chrome.ChromeDriver\nCapabilities {acceptInsecureCerts: false, browserName: chrome, browserVersion: 128.0.6613.115, chrome: {chromedriverVersion: 128.0.6613.119 (6e439cfca4d..., userDataDir: C:\\Users\\SHIVAM~1.KRI\\AppDa...}, fedcm:accounts: true, goog:chromeOptions: {debuggerAddress: localhost:56315}, javascriptEnabled: true, networkConnectionEnabled: false, pageLoadStrategy: normal, platform: WINDOWS, platformName: WINDOWS, proxy: Proxy(), setWindowRect: true, strictFileInteractability: false, timeouts: {implicit: 0, pageLoad: 300000, script: 30000}, unhandledPromptBehavior: dismiss and notify, webauthn:extension:credBlob: true, webauthn:extension:largeBlob: true, webauthn:extension:minPinLength: true, webauthn:extension:prf: true, webauthn:virtualAuthenticators: true}\nSession ID: c135dda1d1de19cf3f23ee48f5dcd7c6","trace":"org.openqa.selenium.TimeoutException: Expected condition failed: waiting for visibility of element located by By.cssSelector: a.action.viewcart.button[title='View Bag & Checkout'] (tried for 60 second(s) with 500 milliseconds interval)\nBuild info: version: '3.141.59', revision: 'e82be7d358', time: '2018-11-14T08:17:03'\nSystem info: host: 'KRISH107', ip: '172.20.10.12', os.name: 'Windows 10', os.arch: 'amd64', os.version: '10.0', java.version: '21.0.2'\nDriver info: org.openqa.selenium.chrome.ChromeDriver\nCapabilities {acceptInsecureCerts: false, browserName: chrome, browserVersion: 128.0.6613.115, chrome: {chromedriverVersion: 128.0.6613.119 (6e439cfca4d..., userDataDir: C:\\Users\\SHIVAM~1.KRI\\AppDa...}, fedcm:accounts: true, goog:chromeOptions: {debuggerAddress: localhost:56315}, javascriptEnabled: true, networkConnectionEnabled: false, pageLoadStrategy: normal, platform: WINDOWS, platformName: WINDOWS, proxy: Proxy(), setWindowRect: true, strictFileInteractability: false, timeouts: {implicit: 0, pageLoad: 300000, script: 30000}, unhandledPromptBehavior: dismiss and notify, webauthn:extension:credBlob: true, webauthn:extension:largeBlob: true, webauthn:extension:minPinLength: true, webauthn:extension:prf: true, webauthn:virtualAuthenticators: true}\nSession ID: c135dda1d1de19cf3f23ee48f5dcd7c6\r\n\tat org.openqa.selenium.support.ui.WebDriverWait.timeoutException(WebDriverWait.java:95)\r\n\tat org.openqa.selenium.support.ui.FluentWait.until(FluentWait.java:272)\r\n\tat common.UtilitiesCommon.waitForElementIsVisible(UtilitiesCommon.java:927)\r\n\tat common.UtilitiesCommon.getElement(UtilitiesCommon.java:709)\r\n\tat common.UtilitiesCommon.click(UtilitiesCommon.java:822)\r\n\tat page.Hamleys.HamleysShoppingCartValidation.testAccessMiniCart(HamleysShoppingCartValidation.java:30)\r\n\tat sanity.hamleys.SanityHamleysShoppingCartValidation.testAddItemToCartValidation(SanityHamleysShoppingCartValidation.java:22)\r\n\tat java.base/jdk.internal.reflect.DirectMethodHandleAccessor.invoke(DirectMethodHandleAccessor.java:103)\r\n\tat java.base/java.lang.reflect.Method.invoke(Method.java:580)\r\n\tat org.testng.internal.MethodInvocationHelper.invokeMethod(MethodInvocationHelper.java:133)\r\n\tat org.testng.internal.TestInvoker.invokeMethod(TestInvoker.java:598)\r\n\tat org.testng.internal.TestInvoker.invokeTestMethod(TestInvoker.java:173)\r\n\tat org.testng.internal.MethodRunner.runInSequence(MethodRunner.java:46)\r\n\tat org.testng.internal.TestInvoker$MethodInvocationAgent.invoke(TestInvoker.java:824)\r\n\tat org.testng.internal.TestInvoker.invokeTestMethods(TestInvoker.java:146)\r\n\tat org.testng.internal.TestMethodWorker.invokeTestMethods(TestMethodWorker.java:146)\r\n\tat org.testng.internal.TestMethodWorker.run(TestMethodWorker.java:128)\r\n\tat java.base/java.util.ArrayList.forEach(ArrayList.java:1596)\r\n\tat org.testng.TestRunner.privateRun(TestRunner.java:794)\r\n\tat org.testng.TestRunner.run(TestRunner.java:596)\r\n\tat org.testng.SuiteRunner.runTest(SuiteRunner.java:377)\r\n\tat org.testng.SuiteRunner.runSequentially(SuiteRunner.java:371)\r\n\tat org.testng.SuiteRunner.privateRun(SuiteRunner.java:332)\r\n\tat org.testng.SuiteRunner.run(SuiteRunner.java:276)\r\n\tat org.testng.SuiteRunnerWorker.runSuite(SuiteRunnerWorker.java:53)\r\n\tat org.testng.SuiteRunnerWorker.run(SuiteRunnerWorker.java:96)\r\n\tat org.testng.TestNG.runSuitesSequentially(TestNG.java:1212)\r\n\tat org.testng.TestNG.runSuitesLocally(TestNG.java:1134)\r\n\tat org.testng.TestNG.runSuites(TestNG.java:1063)\r\n\tat org.testng.TestNG.run(TestNG.java:1031)\r\n\tat org.testng.remote.AbstractRemoteTestNG.run(AbstractRemoteTestNG.java:115)\r\n\tat org.testng.remote.RemoteTestNG.initAndRun(RemoteTestNG.java:251)\r\n\tat org.testng.remote.RemoteTestNG.main(RemoteTestNG.java:77)\r\n"},"stage":"finished","description":"This Test is used to adding the the product to cart or other validations","steps":[{"name":"LOG : chrome browser is initialized","status":"passed","stage":"finished","steps":[],"attachments":[],"parameters":[{"name":"message","value":"chrome browser is initialized"}],"start":1725620865225,"stop":1725620865228},{"name":"LOG : Initializing Web Driver for Local Execution .....","status":"passed","stage":"finished","steps":[],"attachments":[],"parameters":[{"name":"message","value":"Initializing Web Driver for Local Execution ....."}],"start":1725620867761,"stop":1725620867762},{"name":"LOG : Launching Application URL : https://mcstaging.hamleys.com","status":"passed","stage":"finished","steps":[],"attachments":[],"parameters":[{"name":"message","value":"Launching Application URL : https://mcstaging.hamleys.com"}],"start":1725620871201,"stop":1725620871201},{"name":"LOG : Waited for: 3000 ms","status":"passed","stage":"finished","steps":[],"attachments":[],"parameters":[{"name":"message","value":"Waited for: 3000 ms"}],"start":1725620900087,"stop":1725620900087},{"name":"Screen recording of Test case flow","status":"passed","stage":"finished","steps":[],"attachments":[],"parameters":[{"name":"result","value":"[TestResult name=testAddItemToCartValidation status=FAILURE method=SanityHamleysShoppingCartValidation.testAddItemToCartValidation()[pri:0, instance:sanity.hamleys.SanityHamleysShoppingCartValidation@a50ae65] output={null}]"}],"start":1725620998661,"stop":1725620998696},{"name":"LOG : Closing Browser","status":"passed","stage":"finished","steps":[],"attachments":[],"parameters":[{"name":"message","value":"Closing Browser"}],"start":1725620998712,"stop":1725620998717}],"attachments":[{"name":"testAddItemToCartValidation","source":"183126e0-e966-43cd-9a7d-81739476d63e-attachment","type":"image/png"},{"name":"Script Recording","source":"23c34134-2279-4eb5-b3c2-1f6064a5792e-attachment","type":"video/avi"}],"parameters":[{"name":"environment","value":"${environment}"},{"name":"defaultTimeout","value":"${defaultTimeout}"},{"name":"browser","value":"${browser}"}],"start":1725620865207,"stop":1725620999546}